Using pre-set license
Built from '6000.1/staging' branch; Version is '6000.1.8f1 (2a5b1522e5ab) revision 2775829'; Using compiler version '194234433'; Build Type 'Release'
OS: 'Windows 11  (10.0.26100) 64bit Core' Language: 'en' Physical Memory: 7436 MB
BatchMode: 1, IsHumanControllingUs: 0, StartBugReporterOnCrash: 0, Is64bit: 1, IsPro: 1
Date: 2025-08-11T00:55:13Z

COMMAND LINE ARGUMENTS:
C:\Program Files\Unity\Hub\Editor\6000.1.8f1\Editor\Unity.exe
-adb2
-batchMode
-noUpm
-name
AssetImportWorker3
-projectPath
C:/Users/tyron/Downloads/Unity projects/Assignment2/GAME_1017_Assignment2_FajardoTyron/GAME_1017_Assignment2_FajardoTyron
-logFile
Logs/AssetImportWorker3.log
-srvPort
57653
-job-worker-count
7
-background-job-worker-count
8
-gc-helper-count
1
-name
AssetImport
Successfully changed project path to: C:/Users/tyron/Downloads/Unity projects/Assignment2/GAME_1017_Assignment2_FajardoTyron/GAME_1017_Assignment2_FajardoTyron
C:/Users/tyron/Downloads/Unity projects/Assignment2/GAME_1017_Assignment2_FajardoTyron/GAME_1017_Assignment2_FajardoTyron
[UnityMemory] Configuration Parameters - Can be set up in boot.config
    "memorysetup-allocator-temp-initial-block-size-main=262144"
    "memorysetup-allocator-temp-initial-block-size-worker=262144"
    "memorysetup-bucket-allocator-granularity=16"
    "memorysetup-bucket-allocator-bucket-count=8"
    "memorysetup-bucket-allocator-block-size=33554432"
    "memorysetup-bucket-allocator-block-count=8"
    "memorysetup-main-allocator-block-size=16777216"
    "memorysetup-thread-allocator-block-size=16777216"
    "memorysetup-gfx-main-allocator-block-size=16777216"
    "memorysetup-gfx-thread-allocator-block-size=16777216"
    "memorysetup-cache-allocator-block-size=4194304"
    "memorysetup-typetree-allocator-block-size=2097152"
    "memorysetup-profiler-bucket-allocator-granularity=16"
    "memorysetup-profiler-bucket-allocator-bucket-count=8"
    "memorysetup-profiler-bucket-allocator-block-size=33554432"
    "memorysetup-profiler-bucket-allocator-block-count=8"
    "memorysetup-profiler-allocator-block-size=16777216"
    "memorysetup-profiler-editor-allocator-block-size=1048576"
    "memorysetup-temp-allocator-size-main=16777216"
    "memorysetup-job-temp-allocator-block-size=2097152"
    "memorysetup-job-temp-allocator-block-size-background=1048576"
    "memorysetup-job-temp-allocator-reduction-small-platforms=262144"
    "memorysetup-temp-allocator-size-background-worker=32768"
    "memorysetup-temp-allocator-size-job-worker=262144"
    "memorysetup-temp-allocator-size-preload-manager=33554432"
    "memorysetup-temp-allocator-size-nav-mesh-worker=65536"
    "memorysetup-temp-allocator-size-audio-worker=65536"
    "memorysetup-temp-allocator-size-cloud-worker=32768"
    "memorysetup-temp-allocator-size-gi-baking-worker=262144"
    "memorysetup-temp-allocator-size-gi-baking-worker=262144"
    "memorysetup-temp-allocator-size-gi-baking-worker=262144"
    "memorysetup-temp-allocator-size-gi-baking-worker=262144"
    "memorysetup-temp-allocator-size-gi-baking-worker=262144"
    "memorysetup-temp-allocator-size-gfx=262144"
Player connection [29708]  Target information:

Player connection [29708]  * "[IP] 192.168.40.7 [Port] 0 [Flags] 2 [Guid] 3087719138 [EditorId] 3087719138 [Version] 1048832 [Id] WindowsEditor(7,TheGoldenRule) [Debug] 1 [PackageName] WindowsEditor [ProjectName] Editor" 

Player connection [29708] Host joined multi-casting on [225.0.0.222:54997]...
Player connection [29708] Host joined alternative multi-casting on [225.0.0.222:34997]...
JobSystem: Creating JobQueue using job-worker-count value 7
Input System module state changed to: Initialized.
[Physics::Module] Initialized fallback backend.
[Physics::Module] Id: 0xdecafbad
Library Redirect Path: Library/
[Physics::Module] Selected backend.
[Physics::Module] Name: PhysX
[Physics::Module] Id: 0xf2b8ea05
[Physics::Module] SDK Version: 4.1.2
[Physics::Module] Integration Version: 1.0.0
[Physics::Module] Threading Mode: Multi-Threaded
Refreshing native plugins compatible for Editor in 42.94 ms, found 4 plugins.
Preloading 0 native plugins for Editor in 0.00 ms.
Initialize engine version: 6000.1.8f1 (2a5b1522e5ab)
[Subsystems] Discovering subsystems at path C:/Program Files/Unity/Hub/Editor/6000.1.8f1/Editor/Data/Resources/UnitySubsystems
[Subsystems] Discovering subsystems at path C:/Users/tyron/Downloads/Unity projects/Assignment2/GAME_1017_Assignment2_FajardoTyron/GAME_1017_Assignment2_FajardoTyron/Assets
GfxDevice: creating device client; kGfxThreadingModeNonThreaded
Direct3D:
    Version:         Direct3D 12 [level 12.1]
    Renderer:        NVIDIA GeForce RTX 3050 Laptop GPU (ID=0x25a2)
    Vendor:          NVIDIA
    VRAM:            3964 MB
    App VRAM Budget: 3369 MB
    Driver:          32.0.15.6614
Initialize mono
Mono path[0] = 'C:/Program Files/Unity/Hub/Editor/6000.1.8f1/Editor/Data/Managed'
Mono path[1] = 'C:/Program Files/Unity/Hub/Editor/6000.1.8f1/Editor/Data/MonoBleedingEdge/lib/mono/unityjit-win32'
Mono config path = 'C:/Program Files/Unity/Hub/Editor/6000.1.8f1/Editor/Data/MonoBleedingEdge/etc'
Using monoOptions --debugger-agent=transport=dt_socket,embedding=1,server=y,suspend=n,address=127.0.0.1:56848
Begin MonoManager ReloadAssembly
Registering precompiled unity dll's ...
Register platform support module: C:/Program Files/Unity/Hub/Editor/6000.1.8f1/Editor/Data/PlaybackEngines/WindowsStandaloneSupport/UnityEditor.WindowsStandalone.Extensions.dll
Registered in 0.006198 seconds.
- Loaded All Assemblies, in  1.739 seconds
Native extension for WindowsStandalone target not found
Mono: successfully reloaded assembly
- Finished resetting the current domain, in  0.736 seconds
Domain Reload Profiling: 2475ms
	BeginReloadAssembly (868ms)
		ExecutionOrderSort (0ms)
		DisableScriptedObjects (0ms)
		BackupInstance (0ms)
		ReleaseScriptingObjects (0ms)
		CreateAndSetChildDomain (5ms)
	RebuildCommonClasses (183ms)
	RebuildNativeTypeToScriptingClass (29ms)
	initialDomainReloadingComplete (220ms)
	LoadAllAssembliesAndSetupDomain (437ms)
		LoadAssemblies (858ms)
		RebuildTransferFunctionScriptingTraits (0ms)
		AnalyzeDomain (426ms)
			TypeCache.Refresh (423ms)
				TypeCache.ScanAssembly (367ms)
			BuildScriptInfoCaches (0ms)
			ResolveRequiredComponents (1ms)
	FinalizeReload (738ms)
		ReleaseScriptCaches (0ms)
		RebuildScriptCaches (0ms)
		SetupLoadedEditorAssemblies (607ms)
			LogAssemblyErrors (0ms)
			InitializePlatformSupportModulesInManaged (107ms)
			SetLoadedEditorAssemblies (7ms)
			BeforeProcessingInitializeOnLoad (131ms)
			ProcessInitializeOnLoadAttributes (259ms)
			ProcessInitializeOnLoadMethodAttributes (102ms)
			AfterProcessingInitializeOnLoad (0ms)
			EditorAssembliesLoaded (0ms)
		ExecutionOrderSort2 (0ms)
		AwakeInstancesAfterBackupRestoration (0ms)
========================================================================
Worker process is ready to serve import requests
Import Worker Mode flag is 0x00
Begin MonoManager ReloadAssembly
DirectoryNotFoundException: Could not find a part of the path "C:\Users\tyron\Downloads\Unity projects\Assignment2\GAME_1017_Assignment2_FajardoTyron\GAME_1017_Assignment2_FajardoTyron\Library\PackageCache\com.unity.visualscripting@6279e2b7c485\Editor\VisualScripting.Core\Dependencies\YamlDotNet\Unity.VisualScripting.YamlDotNet.dll"
  at System.IO.FileStream..ctor (System.String path, System.IO.FileMode mode, System.IO.FileAccess access, System.IO.FileShare share, System.Int32 bufferSize, System.Boolean anonymous, System.IO.FileOptions options) [0x0019e] in <d6e80b37d98246a5859a00c653f9fdf3>:0 
  at System.IO.FileStream..ctor (System.String path, System.IO.FileMode mode, System.IO.FileAccess access, System.IO.FileShare share) [0x00000] in <d6e80b37d98246a5859a00c653f9fdf3>:0 
  at (wrapper remoting-invoke-with-check) System.IO.FileStream..ctor(string,System.IO.FileMode,System.IO.FileAccess,System.IO.FileShare)
  at Mono.Cecil.ModuleDefinition.GetFileStream (System.String fileName, System.IO.FileMode mode, System.IO.FileAccess access, System.IO.FileShare share) [0x00006] in <a6860a9f6366437387ebdc1f225b7fd4>:0 
  at Mono.Cecil.ModuleDefinition.ReadModule (System.String fileName, Mono.Cecil.ReaderParameters parameters) [0x00008] in <a6860a9f6366437387ebdc1f225b7fd4>:0 
  at Mono.Cecil.AssemblyDefinition.ReadAssembly (System.String fileName, Mono.Cecil.ReaderParameters parameters) [0x00000] in <a6860a9f6366437387ebdc1f225b7fd4>:0 
  at UnityEditor.AssemblyValidation.LoadAssemblyDefinitions (System.String[] assemblyPaths, System.String[] searchPaths) [0x00048] in <9d58b7ff89f8466b9ad84b9b8bc91942>:0 
  at UnityEditor.AssemblyValidation.ValidateAssemblies (System.String[] assemblyPaths, System.Boolean enableLogging) [0x00007] in <9d58b7ff89f8466b9ad84b9b8bc91942>:0 

- Loaded All Assemblies, in  1.221 seconds
Refreshing native plugins compatible for Editor in 7.91 ms, found 4 plugins.
Native extension for WindowsStandalone target not found

=================================================================
	Native Crash Reporting
=================================================================
Got a UNKNOWN while executing native code. This usually indicates
a fatal error in the mono runtime or one of the native libraries 
used by your application.
=================================================================

=================================================================
	Managed Stacktrace:
=================================================================
	  at <unknown> <0xffffffff>
	  at UnityEngine.Rendering.GraphicsSettings:Internal_GetSettingsForRenderPipeline_Injected <0x00069>
	  at UnityEngine.Rendering.GraphicsSettings:Internal_GetSettingsForRenderPipeline <0x00242>
	  at UnityEngine.Rendering.GraphicsSettings:Internal_GetCurrentRenderPipelineGlobalSettings <0x00082>
	  at UnityEngine.Rendering.GraphicsSettings:TryGetCurrentRenderPipelineGlobalSettings <0x00022>
	  at UnityEngine.Rendering.GraphicsSettings:TryGetRenderPipelineSettings <0x00042>
	  at UnityEngine.Rendering.GraphicsSettings:GetRenderPipelineSettings <0x00042>
	  at UnityEngine.Rendering.Universal.WarnUsingNonRenderGraph:EmitConsoleWarning <0x00022>
	  at System.Object:runtime_invoke_void <0x000d2>
	  at <unknown> <0xffffffff>
	  at System.Reflection.RuntimeMethodInfo:InternalInvoke <0x000af>
	  at System.Reflection.RuntimeMethodInfo:Invoke <0x0011a>
	  at System.Reflection.MethodBase:Invoke <0x0003d>
	  at UnityEditor.EditorAssemblies:ProcessInitializeOnLoadMethodAttributes <0x00892>
	  at System.Object:runtime_invoke_void <0x00084>
=================================================================
Crash!!!
SymInit: Symbol-SearchPath: 'C:/Program Files/Unity/Hub/Editor/6000.1.8f1/Editor/Data/Mono;.;C:\Users\tyron\Downloads\Unity projects\Assignment2\GAME_1017_Assignment2_FajardoTyron\GAME_1017_Assignment2_FajardoTyron;C:\Users\tyron\Downloads\Unity projects\Assignment2\GAME_1017_Assignment2_FajardoTyron\GAME_1017_Assignment2_FajardoTyron\Library\BurstCache\JIT;C:\Program Files\Unity\Hub\Editor\6000.1.8f1\Editor;C:\WINDOWS;C:\WINDOWS\system32;', symOptions: 534, UserName: 'tyron'
OS-Version: 10.0.0
C:\Program Files\Unity\Hub\Editor\6000.1.8f1\Editor\Unity.exe:Unity.exe (00007FF729540000), size: 290816 (result: 0), SymType: '-deferred-', PDB: '', fileVersion: 6000.1.8.23317
C:\WINDOWS\SYSTEM32\ntdll.dll:ntdll.dll (00007FFE7CFE0000), size: 2519040 (result: 0), SymType: '-deferred-', PDB: '', fileVersion: 10.0.26100.4768
C:\WINDOWS\System32\KERNEL32.DLL:KERNEL32.DLL (00007FFE7C750000), size: 823296 (result: 0), SymType: '-deferred-', PDB: '', fileVersion: 10.0.26100.4768
C:\WINDOWS\System32\KERNELBASE.dll:KERNELBASE.dll (00007FFE7A880000), size: 4128768 (result: 0), SymType: '-deferred-', PDB: '', fileVersion: 10.0.26100.4768
C:\WINDOWS\System32\USER32.dll:USER32.dll (00007FFE7B260000), size: 1855488 (result: 0), SymType: '-deferred-', PDB: '', fileVersion: 10.0.26100.4768
C:\WINDOWS\System32\win32u.dll:win32u.dll (00007FFE7AD40000), size: 159744 (result: 0), SymType: '-deferred-', PDB: '', fileVersion: 10.0.26100.4768
C:\WINDOWS\System32\GDI32.dll:GDI32.dll (00007FFE7BF00000), size: 176128 (result: 0), SymType: '-deferred-', PDB: '', fileVersion: 10.0.26100.4768
C:\WINDOWS\System32\gdi32full.dll:gdi32full.dll (00007FFE7A110000), size: 1277952 (result: 0), SymType: '-deferred-', PDB: '', fileVersion: 10.0.26100.4768
C:\WINDOWS\System32\msvcp_win.dll:msvcp_win.dll (00007FFE7A5E0000), size: 667648 (result: 0), SymType: '-deferred-', PDB: '', fileVersion: 10.0.26100.4768
C:\WINDOWS\System32\ucrtbase.dll:ucrtbase.dll (00007FFE7A690000), size: 1355776 (result: 0), SymType: '-deferred-', PDB: '', fileVersion: 10.0.26100.4768
C:\WINDOWS\System32\IMM32.DLL:IMM32.DLL (00007FFE7CED0000), size: 192512 (result: 0), SymType: '-deferred-', PDB: '', fileVersion: 10.0.26100.4484
C:\Program Files\Unity\Hub\Editor\6000.1.8f1\Editor\Unity.dll:Unity.dll (00007FFD6BFA0000), size: 86953984 (result: 0), SymType: '-deferred-', PDB: '', fileVersion: 6000.1.8.23317
C:\WINDOWS\System32\CRYPT32.dll:CRYPT32.dll (00007FFE7A3D0000), size: 1536000 (result: 0), SymType: '-deferred-', PDB: '', fileVersion: 10.0.26100.4768
C:\WINDOWS\System32\ADVAPI32.dll:ADVAPI32.dll (00007FFE7C920000), size: 737280 (result: 0), SymType: '-deferred-', PDB: '', fileVersion: 10.0.26100.4652
C:\Program Files\Unity\Hub\Editor\6000.1.8f1\Editor\s3tcompress.dll:s3tcompress.dll (00007FFE684D0000), size: 180224 (result: 0), SymType: '-deferred-', PDB: ''
C:\WINDOWS\System32\msvcrt.dll:msvcrt.dll (00007FFE7BF30000), size: 692224 (result: 0), SymType: '-deferred-', PDB: '', fileVersion: 7.0.26100.4768
C:\Program Files\Unity\Hub\Editor\6000.1.8f1\Editor\etccompress.dll:etccompress.dll (00007FFE19010000), size: 5070848 (result: 0), SymType: '-deferred-', PDB: ''
C:\Program Files\Unity\Hub\Editor\6000.1.8f1\Editor\libfbxsdk.dll:libfbxsdk.dll (00007FFE18770000), size: 8019968 (result: 0), SymType: '-deferred-', PDB: '', fileVersion: 2020.3.7.0
C:\WINDOWS\System32\sechost.dll:sechost.dll (00007FFE7BFE0000), size: 679936 (result: 0), SymType: '-deferred-', PDB: '', fileVersion: 10.0.26100.4768
C:\Program Files\Unity\Hub\Editor\6000.1.8f1\Editor\ispc_texcomp.dll:ispc_texcomp.dll (00007FFE1AE90000), size: 1826816 (result: 0), SymType: '-deferred-', PDB: ''
C:\Program Files\Unity\Hub\Editor\6000.1.8f1\Editor\compress_bc7e.dll:compress_bc7e.dll (00007FFE20670000), size: 1433600 (result: 0), SymType: '-deferred-', PDB: ''
C:\WINDOWS\System32\RPCRT4.dll:RPCRT4.dll (00007FFE7BC70000), size: 1146880 (result: 0), SymType: '-deferred-', PDB: '', fileVersion: 10.0.26100.4768
C:\Program Files\Unity\Hub\Editor\6000.1.8f1\Editor\FreeImage.dll:FreeImage.dll (0000000180000000), size: 5783552 (result: 0), SymType: '-deferred-', PDB: '', fileVersion: 3.18.0.0
C:\Program Files\Unity\Hub\Editor\6000.1.8f1\Editor\WinPixEventRuntime.dll:WinPixEventRuntime.dll (00007FFE74B40000), size: 53248 (result: 0), SymType: '-deferred-', PDB: '', fileVersion: 1.0.2201.24001
C:\WINDOWS\System32\WS2_32.dll:WS2_32.dll (00007FFE7AFA0000), size: 475136 (result: 0), SymType: '-deferred-', PDB: '', fileVersion: 10.0.26100.4768
C:\Program Files\Unity\Hub\Editor\6000.1.8f1\Editor\umbraoptimizer64.dll:umbraoptimizer64.dll (00007FFE1C7A0000), size: 1187840 (result: 0), SymType: '-deferred-', PDB: ''
C:\WINDOWS\System32\ole32.dll:ole32.dll (00007FFE7C110000), size: 1703936 (result: 0), SymType: '-deferred-', PDB: '', fileVersion: 10.0.26100.4768
C:\WINDOWS\System32\combase.dll:combase.dll (00007FFE7C3C0000), size: 3690496 (result: 0), SymType: '-deferred-', PDB: '', fileVersion: 10.0.26100.4768
C:\WINDOWS\SYSTEM32\MSVCP140.dll:MSVCP140.dll (00007FFE602D0000), size: 561152 (result: 0), SymType: '-deferred-', PDB: '', fileVersion: 14.44.35211.0
C:\WINDOWS\SYSTEM32\VCRUNTIME140.dll:VCRUNTIME140.dll (00007FFE602A0000), size: 122880 (result: 0), SymType: '-deferred-', PDB: '', fileVersion: 14.44.35211.0
C:\WINDOWS\System32\SETUPAPI.dll:SETUPAPI.dll (00007FFE7CA40000), size: 4743168 (result: 0), SymType: '-deferred-', PDB: '', fileVersion: 10.0.26100.4768
C:\WINDOWS\SYSTEM32\VCRUNTIME140_1.dll:VCRUNTIME140_1.dll (00007FFE602C0000), size: 49152 (result: 0), SymType: '-deferred-', PDB: '', fileVersion: 14.44.35211.0
C:\WINDOWS\System32\SHELL32.dll:SHELL32.dll (00007FFE7B450000), size: 7655424 (result: 0), SymType: '-deferred-', PDB: '', fileVersion: 10.0.26100.4768
C:\WINDOWS\WinSxS\amd64_microsoft.windows.common-controls_6595b64144ccf1df_6.0.26100.4768_none_3e0c112ce331287c\COMCTL32.dll:COMCTL32.dll (00007FFE648E0000), size: 2727936 (result: 0), SymType: '-deferred-', PDB: '', fileVersion: 6.10.26100.4768
C:\WINDOWS\SYSTEM32\bcrypt.dll:bcrypt.dll (00007FFE7A000000), size: 155648 (result: 0), SymType: '-deferred-', PDB: '', fileVersion: 10.0.26100.4768
C:\WINDOWS\SYSTEM32\d3d11.dll:d3d11.dll (00007FFE76180000), size: 2519040 (result: 0), SymType: '-deferred-', PDB: '', fileVersion: 10.0.26100.4768
C:\WINDOWS\System32\wintypes.dll:wintypes.dll (00007FFE7A250000), size: 1519616 (result: 0), SymType: '-deferred-', PDB: '', fileVersion: 10.0.26100.4768
C:\WINDOWS\System32\SHLWAPI.dll:SHLWAPI.dll (00007FFE7AF30000), size: 434176 (result: 0), SymType: '-deferred-', PDB: '', fileVersion: 10.0.26100.4768
C:\WINDOWS\SYSTEM32\d3d12.dll:d3d12.dll (00007FFDE5230000), size: 143360 (result: 0), SymType: '-deferred-', PDB: '', fileVersion: 10.0.26100.3624
C:\WINDOWS\SYSTEM32\dwmapi.dll:dwmapi.dll (00007FFE77230000), size: 217088 (result: 0), SymType: '-deferred-', PDB: '', fileVersion: 10.0.26100.4768
C:\WINDOWS\SYSTEM32\dxgi.dll:dxgi.dll (00007FFE770C0000), size: 1302528 (result: 0), SymType: '-deferred-', PDB: '', fileVersion: 10.0.26100.4768
C:\WINDOWS\System32\OLEAUT32.dll:OLEAUT32.dll (00007FFE7C2C0000), size: 917504 (result: 0), SymType: '-deferred-', PDB: '', fileVersion: 10.0.26100.4768
C:\WINDOWS\System32\WINTRUST.dll:WINTRUST.dll (00007FFE7A550000), size: 540672 (result: 0), SymType: '-deferred-', PDB: '', fileVersion: 10.0.26100.4768
C:\WINDOWS\SYSTEM32\IPHLPAPI.DLL:IPHLPAPI.DLL (00007FFE78930000), size: 208896 (result: 0), SymType: '-deferred-', PDB: '', fileVersion: 10.0.26100.4768
C:\WINDOWS\SYSTEM32\HID.DLL:HID.DLL (00007FFE78540000), size: 61440 (result: 0), SymType: '-deferred-', PDB: '', fileVersion: 10.0.26100.1150
C:\WINDOWS\SYSTEM32\OPENGL32.dll:OPENGL32.dll (00007FFDE04E0000), size: 1146880 (result: 0), SymType: '-deferred-', PDB: '', fileVersion: 10.0.26100.4768
C:\WINDOWS\SYSTEM32\WINHTTP.dll:WINHTTP.dll (00007FFE735A0000), size: 1171456 (result: 0), SymType: '-deferred-', PDB: '', fileVersion: 10.0.26100.4768
C:\WINDOWS\SYSTEM32\WINMM.dll:WINMM.dll (00007FFE71790000), size: 217088 (result: 0), SymType: '-deferred-', PDB: '', fileVersion: 10.0.26100.4202
C:\Program Files\Unity\Hub\Editor\6000.1.8f1\Editor\SketchUpAPI.dll:SketchUpAPI.dll (00007FFE17ED0000), size: 8990720 (result: 0), SymType: '-deferred-', PDB: '', fileVersion: 23.0.0.0
C:\WINDOWS\SYSTEM32\GLU32.dll:GLU32.dll (00007FFDE5260000), size: 184320 (result: 0), SymType: '-deferred-', PDB: '', fileVersion: 10.0.26100.1150
C:\Program Files\Unity\Hub\Editor\6000.1.8f1\Editor\NativeProxyHelper.dll:NativeProxyHelper.dll (00007FFE1A020000), size: 1789952 (result: 0), SymType: '-deferred-', PDB: ''
C:\WINDOWS\SYSTEM32\VERSION.dll:VERSION.dll (00007FFE71690000), size: 45056 (result: 0), SymType: '-deferred-', PDB: '', fileVersion: 10.0.26100.1150
C:\WINDOWS\SYSTEM32\WSOCK32.dll:WSOCK32.dll (00007FFE74B30000), size: 40960 (result: 0), SymType: '-deferred-', PDB: '', fileVersion: 10.0.26100.1
C:\WINDOWS\SYSTEM32\Secur32.dll:Secur32.dll (00007FFE76F10000), size: 53248 (result: 0), SymType: '-deferred-', PDB: '', fileVersion: 10.0.26100.1
C:\Program Files\Unity\Hub\Editor\6000.1.8f1\Editor\SketchUpCommonPreferences.dll:SketchUpCommonPreferences.dll (00007FFE22D40000), size: 499712 (result: 0), SymType: '-deferred-', PDB: '', fileVersion: 23.0.0.0
C:\WINDOWS\SYSTEM32\dxcore.dll:dxcore.dll (00007FFE77070000), size: 315392 (result: 0), SymType: '-deferred-', PDB: '', fileVersion: 10.0.26100.4768
C:\WINDOWS\SYSTEM32\SSPICLI.DLL:SSPICLI.DLL (00007FFE79140000), size: 299008 (result: 0), SymType: '-deferred-', PDB: '', fileVersion: 10.0.26100.4484
C:\Program Files\Unity\Hub\Editor\6000.1.8f1\Editor\OpenRL.dll:OpenRL.dll (0000022D216D0000), size: 12779520 (result: 0), SymType: '-deferred-', PDB: '', fileVersion: 1.5.0.2907
C:\WINDOWS\SYSTEM32\MSVCR100.dll:MSVCR100.dll (0000000050240000), size: 860160 (result: 0), SymType: '-deferred-', PDB: '', fileVersion: 10.0.40219.325
C:\WINDOWS\SYSTEM32\MSVCP100.dll:MSVCP100.dll (00000000501A0000), size: 622592 (result: 0), SymType: '-deferred-', PDB: '', fileVersion: 10.0.40219.325
C:\Program Files\Unity\Hub\Editor\6000.1.8f1\Editor\embree.dll:embree.dll (00007FFE110C0000), size: 16711680 (result: 0), SymType: '-deferred-', PDB: '', fileVersion: 2.14.0.0
C:\WINDOWS\SYSTEM32\cfgmgr32.DLL:cfgmgr32.DLL (00007FFE79CB0000), size: 356352 (result: 0), SymType: '-deferred-', PDB: '', fileVersion: 10.0.26100.4202
C:\Program Files\Unity\Hub\Editor\6000.1.8f1\Editor\tbb.dll:tbb.dll (00007FFE418A0000), size: 303104 (result: 0), SymType: '-deferred-', PDB: '', fileVersion: 2020.3.2022.1111
C:\WINDOWS\SYSTEM32\MSWSOCK.DLL:MSWSOCK.DLL (00007FFE79420000), size: 438272 (result: 0), SymType: '-deferred-', PDB: '', fileVersion: 10.0.26100.4768
C:\Program Files\Unity\Hub\Editor\6000.1.8f1\Editor\OpenRL_pthread.dll:OpenRL_pthread.dll (0000022D20060000), size: 61440 (result: 0), SymType: '-deferred-', PDB: '', fileVersion: 2.9.0.0
C:\WINDOWS\SYSTEM32\MSASN1.dll:MSASN1.dll (00007FFE79750000), size: 77824 (result: 0), SymType: '-deferred-', PDB: '', fileVersion: 10.0.26100.4768
C:\WINDOWS\System32\bcryptprimitives.dll:bcryptprimitives.dll (00007FFE7A7E0000), size: 626688 (result: 0), SymType: '-deferred-', PDB: '', fileVersion: 10.0.26100.4768
C:\WINDOWS\SYSTEM32\kernel.appcore.dll:kernel.appcore.dll (00007FFE78E90000), size: 110592 (result: 0), SymType: '-deferred-', PDB: '', fileVersion: 10.0.26100.4768
C:\WINDOWS\system32\uxtheme.dll:uxtheme.dll (00007FFE76F70000), size: 716800 (result: 0), SymType: '-deferred-', PDB: '', fileVersion: 10.0.26100.4768
C:\WINDOWS\SYSTEM32\windows.storage.dll:windows.storage.dll (00007FFE77CD0000), size: 8777728 (result: 0), SymType: '-deferred-', PDB: '', fileVersion: 10.0.26100.4768
C:\WINDOWS\System32\SHCORE.dll:SHCORE.dll (00007FFE7AE30000), size: 1003520 (result: 0), SymType: '-deferred-', PDB: '', fileVersion: 10.0.26100.4768
C:\WINDOWS\SYSTEM32\profapi.dll:profapi.dll (00007FFE7A030000), size: 167936 (result: 0), SymType: '-deferred-', PDB: '', fileVersion: 10.0.26100.4768
C:\WINDOWS\system32\IconCodecService.dll:IconCodecService.dll (00007FFE6DC90000), size: 45056 (result: 0), SymType: '-deferred-', PDB: '', fileVersion: 10.0.26100.1
C:\WINDOWS\SYSTEM32\WindowsCodecs.dll:WindowsCodecs.dll (00007FFE755B0000), size: 2351104 (result: 0), SymType: '-deferred-', PDB: '', fileVersion: 10.0.26100.4768
C:\WINDOWS\System32\clbcatq.dll:clbcatq.dll (00007FFE7AD80000), size: 688128 (result: 0), SymType: '-deferred-', PDB: '', fileVersion: 2001.12.10941.16384
C:\WINDOWS\System32\NSI.dll:NSI.dll (00007FFE7B440000), size: 40960 (result: 0), SymType: '-deferred-', PDB: '', fileVersion: 10.0.26100.4768
C:\WINDOWS\System32\netprofm.dll:netprofm.dll (00007FFE73530000), size: 413696 (result: 0), SymType: '-deferred-', PDB: '', fileVersion: 10.0.26100.4484
C:\WINDOWS\SYSTEM32\dhcpcsvc6.DLL:dhcpcsvc6.DLL (00007FFE73920000), size: 126976 (result: 0), SymType: '-deferred-', PDB: '', fileVersion: 10.0.26100.4768
C:\WINDOWS\SYSTEM32\dhcpcsvc.DLL:dhcpcsvc.DLL (00007FFE738F0000), size: 151552 (result: 0), SymType: '-deferred-', PDB: '', fileVersion: 10.0.26100.4768
C:\WINDOWS\SYSTEM32\DNSAPI.dll:DNSAPI.dll (00007FFE78970000), size: 1204224 (result: 0), SymType: '-deferred-', PDB: '', fileVersion: 10.0.26100.4768
C:\WINDOWS\system32\napinsp.dll:napinsp.dll (00007FFE72120000), size: 98304 (result: 0), SymType: '-deferred-', PDB: '', fileVersion: 10.0.26100.1150
C:\WINDOWS\System32\winrnr.dll:winrnr.dll (00007FFE41550000), size: 73728 (result: 0), SymType: '-deferred-', PDB: '', fileVersion: 10.0.26100.1882
C:\WINDOWS\system32\nlansp_c.dll:nlansp_c.dll (00007FFE6CA70000), size: 196608 (result: 0), SymType: '-deferred-', PDB: '', fileVersion: 10.0.26100.4768
C:\WINDOWS\system32\wshbth.dll:wshbth.dll (00007FFE724A0000), size: 131072 (result: 0), SymType: '-deferred-', PDB: '', fileVersion: 10.0.26100.4061
C:\WINDOWS\System32\fwpuclnt.dll:fwpuclnt.dll (00007FFE739C0000), size: 548864 (result: 0), SymType: '-deferred-', PDB: '', fileVersion: 10.0.26100.4768
C:\WINDOWS\System32\npmproxy.dll:npmproxy.dll (00007FFE71E70000), size: 102400 (result: 0), SymType: '-deferred-', PDB: '', fileVersion: 10.0.26100.1150
C:\Windows\System32\rasadhlp.dll:rasadhlp.dll (00007FFE733D0000), size: 45056 (result: 0), SymType: '-deferred-', PDB: '', fileVersion: 10.0.26100.1150
C:\Program Files\Unity\Hub\Editor\6000.1.8f1\Editor\AMDUnityPlugin.DLL:AMDUnityPlugin.DLL (00007FFE17660000), size: 8826880 (result: 0), SymType: '-deferred-', PDB: ''
C:\Program Files\Unity\Hub\Editor\6000.1.8f1\Editor\NVUnityPlugin.DLL:NVUnityPlugin.DLL (00007FFE19E90000), size: 1605632 (result: 0), SymType: '-deferred-', PDB: ''
C:\Program Files\Unity\Hub\Editor\6000.1.8f1\Editor\Data\Tools\astcenc-avx2.dll:astcenc-avx2.dll (00007FFE417E0000), size: 352256 (result: 0), SymType: '-deferred-', PDB: ''
C:\WINDOWS\System32\MMDevApi.dll:MMDevApi.dll (00007FFE733E0000), size: 663552 (result: 0), SymType: '-deferred-', PDB: '', fileVersion: 10.0.26100.4768
C:\WINDOWS\System32\DEVOBJ.dll:DEVOBJ.dll (00007FFE79C60000), size: 184320 (result: 0), SymType: '-deferred-', PDB: '', fileVersion: 10.0.26100.1150
C:\WINDOWS\SYSTEM32\directxdatabasehelper.dll:directxdatabasehelper.dll (00007FFE749C0000), size: 434176 (result: 0), SymType: '-deferred-', PDB: '', fileVersion: 10.0.26100.4768
C:\WINDOWS\SYSTEM32\D3D12Core.dll:D3D12Core.dll (00007FFE19BC0000), size: 2584576 (result: 0), SymType: '-deferred-', PDB: '', fileVersion: 10.0.26100.4768
C:\WINDOWS\System32\DriverStore\FileRepository\nvami.inf_amd64_8b7b93520ab179a6\nvldumdx.dll:nvldumdx.dll (00007FFE48B50000), size: 802816 (result: 0), SymType: '-deferred-', PDB: '', fileVersion: 32.0.15.6614
C:\WINDOWS\SYSTEM32\cryptnet.dll:cryptnet.dll (00007FFE71650000), size: 241664 (result: 0), SymType: '-deferred-', PDB: '', fileVersion: 10.0.26100.3624
C:\WINDOWS\SYSTEM32\cryptbase.dll:cryptbase.dll (00007FFE796E0000), size: 49152 (result: 0), SymType: '-deferred-', PDB: '', fileVersion: 10.0.26100.4768
C:\WINDOWS\SYSTEM32\wldp.dll:wldp.dll (00007FFE797C0000), size: 438272 (result: 0), SymType: '-deferred-', PDB: '', fileVersion: 10.0.26100.4768
C:\WINDOWS\SYSTEM32\drvstore.dll:drvstore.dll (00007FFE714D0000), size: 1556480 (result: 0), SymType: '-deferred-', PDB: '', fileVersion: 10.0.26100.4768
C:\WINDOWS\System32\imagehlp.dll:imagehlp.dll (00007FFE7BC20000), size: 131072 (result: 0), SymType: '-deferred-', PDB: '', fileVersion: 10.0.26100.4202
C:\WINDOWS\SYSTEM32\CRYPTSP.dll:CRYPTSP.dll (00007FFE796F0000), size: 110592 (result: 0), SymType: '-deferred-', PDB: '', fileVersion: 10.0.26100.4768
C:\WINDOWS\system32\rsaenh.dll:rsaenh.dll (00007FFE78DF0000), size: 241664 (result: 0), SymType: '-deferred-', PDB: '', fileVersion: 10.0.26100.4768
C:\WINDOWS\System32\DriverStore\FileRepository\nvami.inf_amd64_8b7b93520ab179a6\nvgpucomp64.dll:nvgpucomp64.dll (00007FFE42810000), size: 47251456 (result: 0), SymType: '-deferred-', PDB: '', fileVersion: 32.0.15.6614
C:\WINDOWS\System32\DriverStore\FileRepository\nvami.inf_amd64_8b7b93520ab179a6\Display.NvContainer\NvMessageBus.dll:NvMessageBus.dll (00007FFE6D930000), size: 3506176 (result: 0), SymType: '-deferred-', PDB: '', fileVersion: 3.12.3354.5005
C:\WINDOWS\System32\DriverStore\FileRepository\nvami.inf_amd64_8b7b93520ab179a6\nvwgf2umx.dll:nvwgf2umx.dll (00007FFE3C9D0000), size: 71811072 (result: 0), SymType: '-deferred-', PDB: '', fileVersion: 32.0.15.6614
C:\WINDOWS\SYSTEM32\POWRPROF.dll:POWRPROF.dll (00007FFE79F70000), size: 385024 (result: 0), SymType: '-deferred-', PDB: '', fileVersion: 10.0.26100.3912
C:\WINDOWS\SYSTEM32\UMPDC.dll:UMPDC.dll (00007FFE79F50000), size: 81920 (result: 0), SymType: '-deferred-', PDB: '', fileVersion: 10.0.26100.1301
C:\WINDOWS\system32\nvspcap64.dll:nvspcap64.dll (00007FFE358B0000), size: 3227648 (result: 0), SymType: '-deferred-', PDB: '', fileVersion: 11.0.4.526
C:\WINDOWS\SYSTEM32\ntmarta.dll:ntmarta.dll (00007FFE78FC0000), size: 221184 (result: 0), SymType: '-deferred-', PDB: '', fileVersion: 10.0.26100.4202
C:\WINDOWS\System32\DriverStore\FileRepository\nvami.inf_amd64_8b7b93520ab179a6\nvppex.dll:nvppex.dll (00007FFE46430000), size: 1396736 (result: 0), SymType: '-deferred-', PDB: '', fileVersion: 32.0.15.6614
C:\WINDOWS\SYSTEM32\D3DSCache.dll:D3DSCache.dll (00007FFE685E0000), size: 188416 (result: 0), SymType: '-deferred-', PDB: '', fileVersion: 10.0.26100.3624
C:\WINDOWS\SYSTEM32\USERENV.dll:USERENV.dll (00007FFE794C0000), size: 176128 (result: 0), SymType: '-deferred-', PDB: '', fileVersion: 10.0.26100.2454
C:\Program Files\Unity\Hub\Editor\6000.1.8f1\Editor\DirectML.dll:DirectML.dll (00007FFE14EE0000), size: 14061568 (result: 0), SymType: '-deferred-', PDB: '', fileVersion: 1.13.1.0
C:\WINDOWS\SYSTEM32\DXGIDebug.dll:DXGIDebug.dll (00007FFE6EAF0000), size: 151552 (result: 0), SymType: '-deferred-', PDB: '', fileVersion: 10.0.26100.1882
C:\WINDOWS\SYSTEM32\d3d11on12.dll:d3d11on12.dll (00007FFE1BB50000), size: 663552 (result: 0), SymType: '-deferred-', PDB: '', fileVersion: 10.0.26100.4484
C:\WINDOWS\SYSTEM32\opencl.dll:opencl.dll (00007FFDE51B0000), size: 483328 (result: 0), SymType: '-deferred-', PDB: '', fileVersion: 3.0.6.0
C:\Program Files\Unity\Hub\Editor\6000.1.8f1\Editor\radeonrays.dll:radeonrays.dll (00007FFE68580000), size: 344064 (result: 0), SymType: '-deferred-', PDB: ''
C:\Program Files\Unity\Hub\Editor\6000.1.8f1\Editor\Data\MonoBleedingEdge\EmbedRuntime\mono-2.0-bdwgc.dll:mono-2.0-bdwgc.dll (00007FFDF6790000), size: 10760192 (result: 0), SymType: '-deferred-', PDB: ''
C:\WINDOWS\SYSTEM32\dbghelp.dll:dbghelp.dll (00007FFE77360000), size: 2363392 (result: 0), SymType: '-deferred-', PDB: '', fileVersion: 10.0.26100.4202

========== OUTPUTTING STACK TRACE ==================

SymInit: Symbol-SearchPath: 'C:/Program Files/Unity/Hub/Editor/6000.1.8f1/Editor/Data/Mono;.;C:\Users\tyron\Downloads\Unity projects\Assignment2\GAME_1017_Assignment2_FajardoTyron\GAME_1017_Assignment2_FajardoTyron;C:\Users\tyron\Downloads\Unity projects\Assignment2\GAME_1017_Assignment2_FajardoTyron\GAME_1017_Assignment2_FajardoTyron\Library\BurstCache\JIT;C:\Program Files\Unity\Hub\Editor\6000.1.8f1\Editor;C:\WINDOWS;C:\WINDOWS\system32;', symOptions: 534, UserName: 'tyron'
OS-Version: 10.0.0
C:\Program Files\Unity\Hub\Editor\6000.1.8f1\Editor\Unity.exe:Unity.exe (00007FF729540000), size: 290816 (result: 0), SymType: 'PDB', PDB: 'C:\Program Files\Unity\Hub\Editor\6000.1.8f1\Editor\Unity_exe_x64.pdb', fileVersion: 6000.1.8.23317
C:\WINDOWS\SYSTEM32\ntdll.dll:ntdll.dll (00007FFE7CFE0000), size: 2519040 (result: 0), SymType: '-exported-', PDB: 'C:\WINDOWS\SYSTEM32\ntdll.dll', fileVersion: 10.0.26100.4768
C:\WINDOWS\System32\KERNEL32.DLL:KERNEL32.DLL (00007FFE7C750000), size: 823296 (result: 0), SymType: '-exported-', PDB: 'C:\WINDOWS\System32\KERNEL32.DLL', fileVersion: 10.0.26100.4768
C:\WINDOWS\System32\KERNELBASE.dll:KERNELBASE.dll (00007FFE7A880000), size: 4128768 (result: 0), SymType: '-exported-', PDB: 'C:\WINDOWS\System32\KERNELBASE.dll', fileVersion: 10.0.26100.4768
C:\WINDOWS\System32\USER32.dll:USER32.dll (00007FFE7B260000), size: 1855488 (result: 0), SymType: '-exported-', PDB: 'C:\WINDOWS\System32\USER32.dll', fileVersion: 10.0.26100.4768
C:\WINDOWS\System32\win32u.dll:win32u.dll (00007FFE7AD40000), size: 159744 (result: 0), SymType: '-exported-', PDB: 'C:\WINDOWS\System32\win32u.dll', fileVersion: 10.0.26100.4768
C:\WINDOWS\System32\GDI32.dll:GDI32.dll (00007FFE7BF00000), size: 176128 (result: 0), SymType: '-exported-', PDB: 'C:\WINDOWS\System32\GDI32.dll', fileVersion: 10.0.26100.4768
C:\WINDOWS\System32\gdi32full.dll:gdi32full.dll (00007FFE7A110000), size: 1277952 (result: 0), SymType: '-exported-', PDB: 'C:\WINDOWS\System32\gdi32full.dll', fileVersion: 10.0.26100.4768
C:\WINDOWS\System32\msvcp_win.dll:msvcp_win.dll (00007FFE7A5E0000), size: 667648 (result: 0), SymType: '-exported-', PDB: 'C:\WINDOWS\System32\msvcp_win.dll', fileVersion: 10.0.26100.4768
C:\WINDOWS\System32\ucrtbase.dll:ucrtbase.dll (00007FFE7A690000), size: 1355776 (result: 0), SymType: '-exported-', PDB: 'C:\WINDOWS\System32\ucrtbase.dll', fileVersion: 10.0.26100.4768
C:\WINDOWS\System32\IMM32.DLL:IMM32.DLL (00007FFE7CED0000), size: 192512 (result: 0), SymType: '-exported-', PDB: 'C:\WINDOWS\System32\IMM32.DLL', fileVersion: 10.0.26100.4484
C:\Program Files\Unity\Hub\Editor\6000.1.8f1\Editor\Unity.dll:Unity.dll (00007FFD6BFA0000), size: 86953984 (result: 0), SymType: '-exported-', PDB: 'C:\Program Files\Unity\Hub\Editor\6000.1.8f1\Editor\Unity.dll', fileVersion: 6000.1.8.23317
C:\WINDOWS\System32\CRYPT32.dll:CRYPT32.dll (00007FFE7A3D0000), size: 1536000 (result: 0), SymType: '-exported-', PDB: 'C:\WINDOWS\System32\CRYPT32.dll', fileVersion: 10.0.26100.4768
C:\WINDOWS\System32\ADVAPI32.dll:ADVAPI32.dll (00007FFE7C920000), size: 737280 (result: 0), SymType: '-exported-', PDB: 'C:\WINDOWS\System32\ADVAPI32.dll', fileVersion: 10.0.26100.4652
C:\Program Files\Unity\Hub\Editor\6000.1.8f1\Editor\s3tcompress.dll:s3tcompress.dll (00007FFE684D0000), size: 180224 (result: 0), SymType: '-exported-', PDB: 'C:\Program Files\Unity\Hub\Editor\6000.1.8f1\Editor\s3tcompress.dll'
C:\WINDOWS\System32\msvcrt.dll:msvcrt.dll (00007FFE7BF30000), size: 692224 (result: 0), SymType: '-exported-', PDB: 'C:\WINDOWS\System32\msvcrt.dll', fileVersion: 7.0.26100.4768
C:\Program Files\Unity\Hub\Editor\6000.1.8f1\Editor\etccompress.dll:etccompress.dll (00007FFE19010000), size: 5070848 (result: 0), SymType: '-exported-', PDB: 'C:\Program Files\Unity\Hub\Editor\6000.1.8f1\Editor\etccompress.dll'
C:\Program Files\Unity\Hub\Editor\6000.1.8f1\Editor\libfbxsdk.dll:libfbxsdk.dll (00007FFE18770000), size: 8019968 (result: 0), SymType: '-exported-', PDB: 'C:\Program Files\Unity\Hub\Editor\6000.1.8f1\Editor\libfbxsdk.dll', fileVersion: 2020.3.7.0
C:\WINDOWS\System32\sechost.dll:sechost.dll (00007FFE7BFE0000), size: 679936 (result: 0), SymType: '-exported-', PDB: 'C:\WINDOWS\System32\sechost.dll', fileVersion: 10.0.26100.4768
C:\Program Files\Unity\Hub\Editor\6000.1.8f1\Editor\ispc_texcomp.dll:ispc_texcomp.dll (00007FFE1AE90000), size: 1826816 (result: 0), SymType: '-exported-', PDB: 'C:\Program Files\Unity\Hub\Editor\6000.1.8f1\Editor\ispc_texcomp.dll'
C:\Program Files\Unity\Hub\Editor\6000.1.8f1\Editor\compress_bc7e.dll:compress_bc7e.dll (00007FFE20670000), size: 1433600 (result: 0), SymType: '-exported-', PDB: 'C:\Program Files\Unity\Hub\Editor\6000.1.8f1\Editor\compress_bc7e.dll'
C:\WINDOWS\System32\RPCRT4.dll:RPCRT4.dll (00007FFE7BC70000), size: 1146880 (result: 0), SymType: '-exported-', PDB: 'C:\WINDOWS\System32\RPCRT4.dll', fileVersion: 10.0.26100.4768
C:\Program Files\Unity\Hub\Editor\6000.1.8f1\Editor\FreeImage.dll:FreeImage.dll (0000000180000000), size: 5783552 (result: 0), SymType: '-exported-', PDB: 'C:\Program Files\Unity\Hub\Editor\6000.1.8f1\Editor\FreeImage.dll', fileVersion: 3.18.0.0
C:\Program Files\Unity\Hub\Editor\6000.1.8f1\Editor\WinPixEventRuntime.dll:WinPixEventRuntime.dll (00007FFE74B40000), size: 53248 (result: 0), SymType: '-exported-', PDB: 'C:\Program Files\Unity\Hub\Editor\6000.1.8f1\Editor\WinPixEventRuntime.dll', fileVersion: 1.0.2201.24001
C:\WINDOWS\System32\WS2_32.dll:WS2_32.dll (00007FFE7AFA0000), size: 475136 (result: 0), SymType: '-exported-', PDB: 'C:\WINDOWS\System32\WS2_32.dll', fileVersion: 10.0.26100.4768
C:\Program Files\Unity\Hub\Editor\6000.1.8f1\Editor\umbraoptimizer64.dll:umbraoptimizer64.dll (00007FFE1C7A0000), size: 1187840 (result: 0), SymType: '-exported-', PDB: 'C:\Program Files\Unity\Hub\Editor\6000.1.8f1\Editor\umbraoptimizer64.dll'
C:\WINDOWS\System32\ole32.dll:ole32.dll (00007FFE7C110000), size: 1703936 (result: 0), SymType: '-exported-', PDB: 'C:\WINDOWS\System32\ole32.dll', fileVersion: 10.0.26100.4768
C:\WINDOWS\System32\combase.dll:combase.dll (00007FFE7C3C0000), size: 3690496 (result: 0), SymType: '-exported-', PDB: 'C:\WINDOWS\System32\combase.dll', fileVersion: 10.0.26100.4768
C:\WINDOWS\SYSTEM32\MSVCP140.dll:MSVCP140.dll (00007FFE602D0000), size: 561152 (result: 0), SymType: '-exported-', PDB: 'C:\WINDOWS\SYSTEM32\MSVCP140.dll', fileVersion: 14.44.35211.0
C:\WINDOWS\SYSTEM32\VCRUNTIME140.dll:VCRUNTIME140.dll (00007FFE602A0000), size: 122880 (result: 0), SymType: '-exported-', PDB: 'C:\WINDOWS\SYSTEM32\VCRUNTIME140.dll', fileVersion: 14.44.35211.0
C:\WINDOWS\System32\SETUPAPI.dll:SETUPAPI.dll (00007FFE7CA40000), size: 4743168 (result: 0), SymType: '-exported-', PDB: 'C:\WINDOWS\System32\SETUPAPI.dll', fileVersion: 10.0.26100.4768
C:\WINDOWS\SYSTEM32\VCRUNTIME140_1.dll:VCRUNTIME140_1.dll (00007FFE602C0000), size: 49152 (result: 0), SymType: '-exported-', PDB: 'C:\WINDOWS\SYSTEM32\VCRUNTIME140_1.dll', fileVersion: 14.44.35211.0
C:\WINDOWS\System32\SHELL32.dll:SHELL32.dll (00007FFE7B450000), size: 7655424 (result: 0), SymType: '-exported-', PDB: 'C:\WINDOWS\System32\SHELL32.dll', fileVersion: 10.0.26100.4768
C:\WINDOWS\WinSxS\amd64_microsoft.windows.common-controls_6595b64144ccf1df_6.0.26100.4768_none_3e0c112ce331287c\COMCTL32.dll:COMCTL32.dll (00007FFE648E0000), size: 2727936 (result: 0), SymType: '-exported-', PDB: 'C:\WINDOWS\WinSxS\amd64_microsoft.windows.common-controls_6595b64144ccf1df_6.0.26100.4768_none_3e0c112ce331287c\COMCTL32.dll', fileVersion: 6.10.26100.4768
C:\WINDOWS\SYSTEM32\bcrypt.dll:bcrypt.dll (00007FFE7A000000), size: 155648 (result: 0), SymType: '-exported-', PDB: 'C:\WINDOWS\SYSTEM32\bcrypt.dll', fileVersion: 10.0.26100.4768
C:\WINDOWS\SYSTEM32\d3d11.dll:d3d11.dll (00007FFE76180000), size: 2519040 (result: 0), SymType: '-exported-', PDB: 'C:\WINDOWS\SYSTEM32\d3d11.dll', fileVersion: 10.0.26100.4768
C:\WINDOWS\System32\wintypes.dll:wintypes.dll (00007FFE7A250000), size: 1519616 (result: 0), SymType: '-exported-', PDB: 'C:\WINDOWS\System32\wintypes.dll', fileVersion: 10.0.26100.4768
C:\WINDOWS\System32\SHLWAPI.dll:SHLWAPI.dll (00007FFE7AF30000), size: 434176 (result: 0), SymType: '-exported-', PDB: 'C:\WINDOWS\System32\SHLWAPI.dll', fileVersion: 10.0.26100.4768
C:\WINDOWS\SYSTEM32\d3d12.dll:d3d12.dll (00007FFDE5230000), size: 143360 (result: 0), SymType: '-exported-', PDB: 'C:\WINDOWS\SYSTEM32\d3d12.dll', fileVersion: 10.0.26100.3624
C:\WINDOWS\SYSTEM32\dwmapi.dll:dwmapi.dll (00007FFE77230000), size: 217088 (result: 0), SymType: '-exported-', PDB: 'C:\WINDOWS\SYSTEM32\dwmapi.dll', fileVersion: 10.0.26100.4768
C:\WINDOWS\SYSTEM32\dxgi.dll:dxgi.dll (00007FFE770C0000), size: 1302528 (result: 0), SymType: '-exported-', PDB: 'C:\WINDOWS\SYSTEM32\dxgi.dll', fileVersion: 10.0.26100.4768
C:\WINDOWS\System32\OLEAUT32.dll:OLEAUT32.dll (00007FFE7C2C0000), size: 917504 (result: 0), SymType: '-exported-', PDB: 'C:\WINDOWS\System32\OLEAUT32.dll', fileVersion: 10.0.26100.4768
C:\WINDOWS\System32\WINTRUST.dll:WINTRUST.dll (00007FFE7A550000), size: 540672 (result: 0), SymType: '-exported-', PDB: 'C:\WINDOWS\System32\WINTRUST.dll', fileVersion: 10.0.26100.4768
C:\WINDOWS\SYSTEM32\IPHLPAPI.DLL:IPHLPAPI.DLL (00007FFE78930000), size: 208896 (result: 0), SymType: '-exported-', PDB: 'C:\WINDOWS\SYSTEM32\IPHLPAPI.DLL', fileVersion: 10.0.26100.4768
C:\WINDOWS\SYSTEM32\HID.DLL:HID.DLL (00007FFE78540000), size: 61440 (result: 0), SymType: '-exported-', PDB: 'C:\WINDOWS\SYSTEM32\HID.DLL', fileVersion: 10.0.26100.1150
C:\WINDOWS\SYSTEM32\OPENGL32.dll:OPENGL32.dll (00007FFDE04E0000), size: 1146880 (result: 0), SymType: '-exported-', PDB: 'C:\WINDOWS\SYSTEM32\OPENGL32.dll', fileVersion: 10.0.26100.4768
C:\WINDOWS\SYSTEM32\WINHTTP.dll:WINHTTP.dll (00007FFE735A0000), size: 1171456 (result: 0), SymType: '-exported-', PDB: 'C:\WINDOWS\SYSTEM32\WINHTTP.dll', fileVersion: 10.0.26100.4768
C:\WINDOWS\SYSTEM32\WINMM.dll:WINMM.dll (00007FFE71790000), size: 217088 (result: 0), SymType: '-exported-', PDB: 'C:\WINDOWS\SYSTEM32\WINMM.dll', fileVersion: 10.0.26100.4202
C:\Program Files\Unity\Hub\Editor\6000.1.8f1\Editor\SketchUpAPI.dll:SketchUpAPI.dll (00007FFE17ED0000), size: 8990720 (result: 0), SymType: '-exported-', PDB: 'C:\Program Files\Unity\Hub\Editor\6000.1.8f1\Editor\SketchUpAPI.dll', fileVersion: 23.0.0.0
C:\WINDOWS\SYSTEM32\GLU32.dll:GLU32.dll (00007FFDE5260000), size: 184320 (result: 0), SymType: '-exported-', PDB: 'C:\WINDOWS\SYSTEM32\GLU32.dll', fileVersion: 10.0.26100.1150
C:\Program Files\Unity\Hub\Editor\6000.1.8f1\Editor\NativeProxyHelper.dll:NativeProxyHelper.dll (00007FFE1A020000), size: 1789952 (result: 0), SymType: '-exported-', PDB: 'C:\Program Files\Unity\Hub\Editor\6000.1.8f1\Editor\NativeProxyHelper.dll'
C:\WINDOWS\SYSTEM32\VERSION.dll:VERSION.dll (00007FFE71690000), size: 45056 (result: 0), SymType: '-exported-', PDB: 'C:\WINDOWS\SYSTEM32\VERSION.dll', fileVersion: 10.0.26100.1150
C:\WINDOWS\SYSTEM32\WSOCK32.dll:WSOCK32.dll (00007FFE74B30000), size: 40960 (result: 0), SymType: '-exported-', PDB: 'C:\WINDOWS\SYSTEM32\WSOCK32.dll', fileVersion: 10.0.26100.1
C:\WINDOWS\SYSTEM32\Secur32.dll:Secur32.dll (00007FFE76F10000), size: 53248 (result: 0), SymType: '-exported-', PDB: 'C:\WINDOWS\SYSTEM32\Secur32.dll', fileVersion: 10.0.26100.1
C:\Program Files\Unity\Hub\Editor\6000.1.8f1\Editor\SketchUpCommonPreferences.dll:SketchUpCommonPreferences.dll (00007FFE22D40000), size: 499712 (result: 0), SymType: '-exported-', PDB: 'C:\Program Files\Unity\Hub\Editor\6000.1.8f1\Editor\SketchUpCommonPreferences.dll', fileVersion: 23.0.0.0
C:\WINDOWS\SYSTEM32\dxcore.dll:dxcore.dll (00007FFE77070000), size: 315392 (result: 0), SymType: '-exported-', PDB: 'C:\WINDOWS\SYSTEM32\dxcore.dll', fileVersion: 10.0.26100.4768
C:\WINDOWS\SYSTEM32\SSPICLI.DLL:SSPICLI.DLL (00007FFE79140000), size: 299008 (result: 0), SymType: '-exported-', PDB: 'C:\WINDOWS\SYSTEM32\SSPICLI.DLL', fileVersion: 10.0.26100.4484
C:\Program Files\Unity\Hub\Editor\6000.1.8f1\Editor\OpenRL.dll:OpenRL.dll (0000022D216D0000), size: 12779520 (result: 0), SymType: '-exported-', PDB: 'C:\Program Files\Unity\Hub\Editor\6000.1.8f1\Editor\OpenRL.dll', fileVersion: 1.5.0.2907
C:\WINDOWS\SYSTEM32\MSVCR100.dll:MSVCR100.dll (0000000050240000), size: 860160 (result: 0), SymType: '-exported-', PDB: 'C:\WINDOWS\SYSTEM32\MSVCR100.dll', fileVersion: 10.0.40219.325
C:\WINDOWS\SYSTEM32\MSVCP100.dll:MSVCP100.dll (00000000501A0000), size: 622592 (result: 0), SymType: '-exported-', PDB: 'C:\WINDOWS\SYSTEM32\MSVCP100.dll', fileVersion: 10.0.40219.325
C:\Program Files\Unity\Hub\Editor\6000.1.8f1\Editor\embree.dll:embree.dll (00007FFE110C0000), size: 16711680 (result: 0), SymType: '-exported-', PDB: 'C:\Program Files\Unity\Hub\Editor\6000.1.8f1\Editor\embree.dll', fileVersion: 2.14.0.0
C:\WINDOWS\SYSTEM32\cfgmgr32.DLL:cfgmgr32.DLL (00007FFE79CB0000), size: 356352 (result: 0), SymType: '-exported-', PDB: 'C:\WINDOWS\SYSTEM32\cfgmgr32.DLL', fileVersion: 10.0.26100.4202
C:\Program Files\Unity\Hub\Editor\6000.1.8f1\Editor\tbb.dll:tbb.dll (00007FFE418A0000), size: 303104 (result: 0), SymType: '-exported-', PDB: 'C:\Program Files\Unity\Hub\Editor\6000.1.8f1\Editor\tbb.dll', fileVersion: 2020.3.2022.1111
C:\WINDOWS\SYSTEM32\MSWSOCK.DLL:MSWSOCK.DLL (00007FFE79420000), size: 438272 (result: 0), SymType: '-exported-', PDB: 'C:\WINDOWS\SYSTEM32\MSWSOCK.DLL', fileVersion: 10.0.26100.4768
C:\Program Files\Unity\Hub\Editor\6000.1.8f1\Editor\OpenRL_pthread.dll:OpenRL_pthread.dll (0000022D20060000), size: 61440 (result: 0), SymType: '-exported-', PDB: 'C:\Program Files\Unity\Hub\Editor\6000.1.8f1\Editor\OpenRL_pthread.dll', fileVersion: 2.9.0.0
C:\WINDOWS\SYSTEM32\MSASN1.dll:MSASN1.dll (00007FFE79750000), size: 77824 (result: 0), SymType: '-exported-', PDB: 'C:\WINDOWS\SYSTEM32\MSASN1.dll', fileVersion: 10.0.26100.4768
C:\WINDOWS\System32\bcryptprimitives.dll:bcryptprimitives.dll (00007FFE7A7E0000), size: 626688 (result: 0), SymType: '-exported-', PDB: 'C:\WINDOWS\System32\bcryptprimitives.dll', fileVersion: 10.0.26100.4768
C:\WINDOWS\SYSTEM32\kernel.appcore.dll:kernel.appcore.dll (00007FFE78E90000), size: 110592 (result: 0), SymType: '-exported-', PDB: 'C:\WINDOWS\SYSTEM32\kernel.appcore.dll', fileVersion: 10.0.26100.4768
C:\WINDOWS\system32\uxtheme.dll:uxtheme.dll (00007FFE76F70000), size: 716800 (result: 0), SymType: '-exported-', PDB: 'C:\WINDOWS\system32\uxtheme.dll', fileVersion: 10.0.26100.4768
C:\WINDOWS\SYSTEM32\windows.storage.dll:windows.storage.dll (00007FFE77CD0000), size: 8777728 (result: 0), SymType: '-exported-', PDB: 'C:\WINDOWS\SYSTEM32\windows.storage.dll', fileVersion: 10.0.26100.4768
C:\WINDOWS\System32\SHCORE.dll:SHCORE.dll (00007FFE7AE30000), size: 1003520 (result: 0), SymType: '-exported-', PDB: 'C:\WINDOWS\System32\SHCORE.dll', fileVersion: 10.0.26100.4768
C:\WINDOWS\SYSTEM32\profapi.dll:profapi.dll (00007FFE7A030000), size: 167936 (result: 0), SymType: '-nosymbols-', PDB: 'C:\WINDOWS\SYSTEM32\profapi.dll', fileVersion: 10.0.26100.4768
C:\WINDOWS\system32\IconCodecService.dll:IconCodecService.dll (00007FFE6DC90000), size: 45056 (result: 0), SymType: '-nosymbols-', PDB: 'C:\WINDOWS\system32\IconCodecService.dll', fileVersion: 10.0.26100.1
C:\WINDOWS\SYSTEM32\WindowsCodecs.dll:WindowsCodecs.dll (00007FFE755B0000), size: 2351104 (result: 0), SymType: '-exported-', PDB: 'C:\WINDOWS\SYSTEM32\WindowsCodecs.dll', fileVersion: 10.0.26100.4768
C:\WINDOWS\System32\clbcatq.dll:clbcatq.dll (00007FFE7AD80000), size: 688128 (result: 0), SymType: '-exported-', PDB: 'C:\WINDOWS\System32\clbcatq.dll', fileVersion: 2001.12.10941.16384
C:\WINDOWS\System32\NSI.dll:NSI.dll (00007FFE7B440000), size: 40960 (result: 0), SymType: '-exported-', PDB: 'C:\WINDOWS\System32\NSI.dll', fileVersion: 10.0.26100.4768
C:\WINDOWS\System32\netprofm.dll:netprofm.dll (00007FFE73530000), size: 413696 (result: 0), SymType: '-exported-', PDB: 'C:\WINDOWS\System32\netprofm.dll', fileVersion: 10.0.26100.4484
C:\WINDOWS\SYSTEM32\dhcpcsvc6.DLL:dhcpcsvc6.DLL (00007FFE73920000), size: 126976 (result: 0), SymType: '-exported-', PDB: 'C:\WINDOWS\SYSTEM32\dhcpcsvc6.DLL', fileVersion: 10.0.26100.4768
C:\WINDOWS\SYSTEM32\dhcpcsvc.DLL:dhcpcsvc.DLL (00007FFE738F0000), size: 151552 (result: 0), SymType: '-exported-', PDB: 'C:\WINDOWS\SYSTEM32\dhcpcsvc.DLL', fileVersion: 10.0.26100.4768
C:\WINDOWS\SYSTEM32\DNSAPI.dll:DNSAPI.dll (00007FFE78970000), size: 1204224 (result: 0), SymType: '-exported-', PDB: 'C:\WINDOWS\SYSTEM32\DNSAPI.dll', fileVersion: 10.0.26100.4768
C:\WINDOWS\system32\napinsp.dll:napinsp.dll (00007FFE72120000), size: 98304 (result: 0), SymType: '-exported-', PDB: 'C:\WINDOWS\system32\napinsp.dll', fileVersion: 10.0.26100.1150
C:\WINDOWS\System32\winrnr.dll:winrnr.dll (00007FFE41550000), size: 73728 (result: 0), SymType: '-exported-', PDB: 'C:\WINDOWS\System32\winrnr.dll', fileVersion: 10.0.26100.1882
C:\WINDOWS\system32\nlansp_c.dll:nlansp_c.dll (00007FFE6CA70000), size: 196608 (result: 0), SymType: '-exported-', PDB: 'C:\WINDOWS\system32\nlansp_c.dll', fileVersion: 10.0.26100.4768
C:\WINDOWS\system32\wshbth.dll:wshbth.dll (00007FFE724A0000), size: 131072 (result: 0), SymType: '-exported-', PDB: 'C:\WINDOWS\system32\wshbth.dll', fileVersion: 10.0.26100.4061
C:\WINDOWS\System32\fwpuclnt.dll:fwpuclnt.dll (00007FFE739C0000), size: 548864 (result: 0), SymType: '-exported-', PDB: 'C:\WINDOWS\System32\fwpuclnt.dll', fileVersion: 10.0.26100.4768
C:\WINDOWS\System32\npmproxy.dll:npmproxy.dll (00007FFE71E70000), size: 102400 (result: 0), SymType: '-exported-', PDB: 'C:\WINDOWS\System32\npmproxy.dll', fileVersion: 10.0.26100.1150
C:\Windows\System32\rasadhlp.dll:rasadhlp.dll (00007FFE733D0000), size: 45056 (result: 0), SymType: '-exported-', PDB: 'C:\Windows\System32\rasadhlp.dll', fileVersion: 10.0.26100.1150
C:\Program Files\Unity\Hub\Editor\6000.1.8f1\Editor\AMDUnityPlugin.DLL:AMDUnityPlugin.DLL (00007FFE17660000), size: 8826880 (result: 0), SymType: '-exported-', PDB: 'C:\Program Files\Unity\Hub\Editor\6000.1.8f1\Editor\AMDUnityPlugin.DLL'
C:\Program Files\Unity\Hub\Editor\6000.1.8f1\Editor\NVUnityPlugin.DLL:NVUnityPlugin.DLL (00007FFE19E90000), size: 1605632 (result: 0), SymType: '-exported-', PDB: 'C:\Program Files\Unity\Hub\Editor\6000.1.8f1\Editor\NVUnityPlugin.DLL'
C:\Program Files\Unity\Hub\Editor\6000.1.8f1\Editor\Data\Tools\astcenc-avx2.dll:astcenc-avx2.dll (00007FFE417E0000), size: 352256 (result: 0), SymType: '-exported-', PDB: 'C:\Program Files\Unity\Hub\Editor\6000.1.8f1\Editor\Data\Tools\astcenc-avx2.dll'
C:\WINDOWS\System32\MMDevApi.dll:MMDevApi.dll (00007FFE733E0000), size: 663552 (result: 0), SymType: '-exported-', PDB: 'C:\WINDOWS\System32\MMDevApi.dll', fileVersion: 10.0.26100.4768
C:\WINDOWS\System32\DEVOBJ.dll:DEVOBJ.dll (00007FFE79C60000), size: 184320 (result: 0), SymType: '-exported-', PDB: 'C:\WINDOWS\System32\DEVOBJ.dll', fileVersion: 10.0.26100.1150
C:\WINDOWS\SYSTEM32\directxdatabasehelper.dll:directxdatabasehelper.dll (00007FFE749C0000), size: 434176 (result: 0), SymType: '-nosymbols-', PDB: 'C:\WINDOWS\SYSTEM32\directxdatabasehelper.dll', fileVersion: 10.0.26100.4768
C:\WINDOWS\SYSTEM32\D3D12Core.dll:D3D12Core.dll (00007FFE19BC0000), size: 2584576 (result: 0), SymType: '-exported-', PDB: 'C:\WINDOWS\SYSTEM32\D3D12Core.dll', fileVersion: 10.0.26100.4768
C:\WINDOWS\System32\DriverStore\FileRepository\nvami.inf_amd64_8b7b93520ab179a6\nvldumdx.dll:nvldumdx.dll (00007FFE48B50000), size: 802816 (result: 0), SymType: '-exported-', PDB: 'C:\WINDOWS\System32\DriverStore\FileRepository\nvami.inf_amd64_8b7b93520ab179a6\nvldumdx.dll', fileVersion: 32.0.15.6614
C:\WINDOWS\SYSTEM32\cryptnet.dll:cryptnet.dll (00007FFE71650000), size: 241664 (result: 0), SymType: '-exported-', PDB: 'C:\WINDOWS\SYSTEM32\cryptnet.dll', fileVersion: 10.0.26100.3624
C:\WINDOWS\SYSTEM32\cryptbase.dll:cryptbase.dll (00007FFE796E0000), size: 49152 (result: 0), SymType: '-exported-', PDB: 'C:\WINDOWS\SYSTEM32\cryptbase.dll', fileVersion: 10.0.26100.4768
C:\WINDOWS\SYSTEM32\wldp.dll:wldp.dll (00007FFE797C0000), size: 438272 (result: 0), SymType: '-exported-', PDB: 'C:\WINDOWS\SYSTEM32\wldp.dll', fileVersion: 10.0.26100.4768
C:\WINDOWS\SYSTEM32\drvstore.dll:drvstore.dll (00007FFE714D0000), size: 1556480 (result: 0), SymType: '-exported-', PDB: 'C:\WINDOWS\SYSTEM32\drvstore.dll', fileVersion: 10.0.26100.4768
C:\WINDOWS\System32\imagehlp.dll:imagehlp.dll (00007FFE7BC20000), size: 131072 (result: 0), SymType: '-exported-', PDB: 'C:\WINDOWS\System32\imagehlp.dll', fileVersion: 10.0.26100.4202
C:\WINDOWS\SYSTEM32\CRYPTSP.dll:CRYPTSP.dll (00007FFE796F0000), size: 110592 (result: 0), SymType: '-exported-', PDB: 'C:\WINDOWS\SYSTEM32\CRYPTSP.dll', fileVersion: 10.0.26100.4768
C:\WINDOWS\system32\rsaenh.dll:rsaenh.dll (00007FFE78DF0000), size: 241664 (result: 0), SymType: '-exported-', PDB: 'C:\WINDOWS\system32\rsaenh.dll', fileVersion: 10.0.26100.4768
C:\WINDOWS\System32\DriverStore\FileRepository\nvami.inf_amd64_8b7b93520ab179a6\nvgpucomp64.dll:nvgpucomp64.dll (00007FFE42810000), size: 47251456 (result: 0), SymType: '-exported-', PDB: 'C:\WINDOWS\System32\DriverStore\FileRepository\nvami.inf_amd64_8b7b93520ab179a6\nvgpucomp64.dll', fileVersion: 32.0.15.6614
C:\WINDOWS\System32\DriverStore\FileRepository\nvami.inf_amd64_8b7b93520ab179a6\Display.NvContainer\NvMessageBus.dll:NvMessageBus.dll (00007FFE6D930000), size: 3506176 (result: 0), SymType: '-exported-', PDB: 'C:\WINDOWS\System32\DriverStore\FileRepository\nvami.inf_amd64_8b7b93520ab179a6\Display.NvContainer\NvMessageBus.dll', fileVersion: 3.12.3354.5005
C:\WINDOWS\System32\DriverStore\FileRepository\nvami.inf_amd64_8b7b93520ab179a6\nvwgf2umx.dll:nvwgf2umx.dll (00007FFE3C9D0000), size: 71811072 (result: 0), SymType: '-exported-', PDB: 'C:\WINDOWS\System32\DriverStore\FileRepository\nvami.inf_amd64_8b7b93520ab179a6\nvwgf2umx.dll', fileVersion: 32.0.15.6614
C:\WINDOWS\SYSTEM32\POWRPROF.dll:POWRPROF.dll (00007FFE79F70000), size: 385024 (result: 0), SymType: '-exported-', PDB: 'C:\WINDOWS\SYSTEM32\POWRPROF.dll', fileVersion: 10.0.26100.3912
C:\WINDOWS\SYSTEM32\UMPDC.dll:UMPDC.dll (00007FFE79F50000), size: 81920 (result: 0), SymType: '-exported-', PDB: 'C:\WINDOWS\SYSTEM32\UMPDC.dll', fileVersion: 10.0.26100.1301
C:\WINDOWS\system32\nvspcap64.dll:nvspcap64.dll (00007FFE358B0000), size: 3227648 (result: 0), SymType: '-exported-', PDB: 'C:\WINDOWS\system32\nvspcap64.dll', fileVersion: 11.0.4.526
C:\WINDOWS\SYSTEM32\ntmarta.dll:ntmarta.dll (00007FFE78FC0000), size: 221184 (result: 0), SymType: '-exported-', PDB: 'C:\WINDOWS\SYSTEM32\ntmarta.dll', fileVersion: 10.0.26100.4202
C:\WINDOWS\System32\DriverStore\FileRepository\nvami.inf_amd64_8b7b93520ab179a6\nvppex.dll:nvppex.dll (00007FFE46430000), size: 1396736 (result: 0), SymType: '-exported-', PDB: 'C:\WINDOWS\System32\DriverStore\FileRepository\nvami.inf_amd64_8b7b93520ab179a6\nvppex.dll', fileVersion: 32.0.15.6614
C:\WINDOWS\SYSTEM32\D3DSCache.dll:D3DSCache.dll (00007FFE685E0000), size: 188416 (result: 0), SymType: '-exported-', PDB: 'C:\WINDOWS\SYSTEM32\D3DSCache.dll', fileVersion: 10.0.26100.3624
C:\WINDOWS\SYSTEM32\USERENV.dll:USERENV.dll (00007FFE794C0000), size: 176128 (result: 0), SymType: '-exported-', PDB: 'C:\WINDOWS\SYSTEM32\USERENV.dll', fileVersion: 10.0.26100.2454
C:\Program Files\Unity\Hub\Editor\6000.1.8f1\Editor\DirectML.dll:DirectML.dll (00007FFE14EE0000), size: 14061568 (result: 0), SymType: '-exported-', PDB: 'C:\Program Files\Unity\Hub\Editor\6000.1.8f1\Editor\DirectML.dll', fileVersion: 1.13.1.0
C:\WINDOWS\SYSTEM32\DXGIDebug.dll:DXGIDebug.dll (00007FFE6EAF0000), size: 151552 (result: 0), SymType: '-exported-', PDB: 'C:\WINDOWS\SYSTEM32\DXGIDebug.dll', fileVersion: 10.0.26100.1882
C:\WINDOWS\SYSTEM32\d3d11on12.dll:d3d11on12.dll (00007FFE1BB50000), size: 663552 (result: 0), SymType: '-exported-', PDB: 'C:\WINDOWS\SYSTEM32\d3d11on12.dll', fileVersion: 10.0.26100.4484
C:\WINDOWS\SYSTEM32\opencl.dll:opencl.dll (00007FFDE51B0000), size: 483328 (result: 0), SymType: '-exported-', PDB: 'C:\WINDOWS\SYSTEM32\opencl.dll', fileVersion: 3.0.6.0
C:\Program Files\Unity\Hub\Editor\6000.1.8f1\Editor\radeonrays.dll:radeonrays.dll (00007FFE68580000), size: 344064 (result: 0), SymType: '-exported-', PDB: 'C:\Program Files\Unity\Hub\Editor\6000.1.8f1\Editor\radeonrays.dll'
C:\Program Files\Unity\Hub\Editor\6000.1.8f1\Editor\Data\MonoBleedingEdge\EmbedRuntime\mono-2.0-bdwgc.dll:mono-2.0-bdwgc.dll (00007FFDF6790000), size: 10760192 (result: 0), SymType: 'PDB', PDB: 'C:\Program Files\Unity\Hub\Editor\6000.1.8f1\Editor\mono-2.0-bdwgc.pdb'
C:\WINDOWS\SYSTEM32\dbghelp.dll:dbghelp.dll (00007FFE77360000), size: 2363392 (result: 0), SymType: '-exported-', PDB: 'C:\WINDOWS\SYSTEM32\dbghelp.dll', fileVersion: 10.0.26100.4202
  ERROR: SymGetSymFromAddr64, GetLastError: 'Attempt to access invalid address.' (Address: 00007FFD6C78B5BD)
0x00007FFD6C78B5BD (Unity) (function-name not available)
  ERROR: SymGetSymFromAddr64, GetLastError: 'Attempt to access invalid address.' (Address: 00007FFD6C789EC5)
0x00007FFD6C789EC5 (Unity) (function-name not available)
  ERROR: SymGetSymFromAddr64, GetLastError: 'Attempt to access invalid address.' (Address: 00007FFD6C78127D)
0x00007FFD6C78127D (Unity) (function-name not available)
  ERROR: SymGetSymFromAddr64, GetLastError: 'Attempt to access invalid address.' (Address: 00007FFD6C78A4D3)
0x00007FFD6C78A4D3 (Unity) (function-name not available)
  ERROR: SymGetSymFromAddr64, GetLastError: 'Attempt to access invalid address.' (Address: 00007FFD6C796D9E)
0x00007FFD6C796D9E (Unity) (function-name not available)
  ERROR: SymGetSymFromAddr64, GetLastError: 'Attempt to access invalid address.' (Address: 00007FFD6CC5EA2F)
0x00007FFD6CC5EA2F (Unity) (function-name not available)
  ERROR: SymGetSymFromAddr64, GetLastError: 'Attempt to access invalid address.' (Address: 00007FFD6CFD9D09)
0x00007FFD6CFD9D09 (Unity) (function-name not available)
  ERROR: SymGetSymFromAddr64, GetLastError: 'Attempt to access invalid address.' (Address: 00007FFD6CFDAD69)
0x00007FFD6CFDAD69 (Unity) (function-name not available)
  ERROR: SymGetSymFromAddr64, GetLastError: 'Attempt to access invalid address.' (Address: 00007FFD6CFDA88D)
0x00007FFD6CFDA88D (Unity) (function-name not available)
  ERROR: SymGetSymFromAddr64, GetLastError: 'Attempt to access invalid address.' (Address: 00007FFD6CFAD5E3)
0x00007FFD6CFAD5E3 (Unity) (function-name not available)
  ERROR: SymGetSymFromAddr64, GetLastError: 'Attempt to access invalid address.' (Address: 00007FFD6CFADEB0)
0x00007FFD6CFADEB0 (Unity) (function-name not available)
  ERROR: SymGetSymFromAddr64, GetLastError: 'Attempt to access invalid address.' (Address: 00007FFD6CFB2147)
0x00007FFD6CFB2147 (Unity) (function-name not available)
  ERROR: SymGetSymFromAddr64, GetLastError: 'Attempt to access invalid address.' (Address: 00007FFD6C122848)
0x00007FFD6C122848 (Unity) (function-name not available)
0x0000022F4CDDF80A (Mono JIT Code) (wrapper managed-to-native) UnityEngine.Rendering.GraphicsSettings:Internal_GetSettingsForRenderPipeline_Injected (UnityEngine.Bindings.ManagedSpanWrapper&)
0x0000022F4CDDF3B3 (Mono JIT Code) UnityEngine.Rendering.GraphicsSettings:Internal_GetSettingsForRenderPipeline (string)
0x0000022F4CDDF043 (Mono JIT Code) UnityEngine.Rendering.GraphicsSettings:Internal_GetCurrentRenderPipelineGlobalSettings ()
0x0000022F4CDDEF63 (Mono JIT Code) UnityEngine.Rendering.GraphicsSettings:TryGetCurrentRenderPipelineGlobalSettings (UnityEngine.Rendering.RenderPipelineGlobalSettings&)
0x0000022F4CDDEDF3 (Mono JIT Code) UnityEngine.Rendering.GraphicsSettings:TryGetRenderPipelineSettings<T_REF> (T_REF&)
0x0000022F4CDDED83 (Mono JIT Code) UnityEngine.Rendering.GraphicsSettings:GetRenderPipelineSettings<T_REF> ()
0x0000022F4CDDECC3 (Mono JIT Code) [.\Library\PackageCache\com.unity.render-pipelines.universal@a19b2562c494\Runtime\Data\UniversalRenderPipelineAsset.cs:429] UnityEngine.Rendering.Universal.WarnUsingNonRenderGraph:EmitConsoleWarning () 
0x0000022F447BC753 (Mono JIT Code) (wrapper runtime-invoke) object:runtime_invoke_void (object,intptr,intptr,intptr)
0x00007FFDF6A16C2E (mono-2.0-bdwgc) [C:\build\output\Unity-Technologies\mono\mono\mini\mini-runtime.c:3445] mono_jit_runtime_invoke 
0x00007FFDF69585E4 (mono-2.0-bdwgc) [C:\build\output\Unity-Technologies\mono\mono\metadata\object.c:3068] do_runtime_invoke 
0x00007FFDF695F696 (mono-2.0-bdwgc) [C:\build\output\Unity-Technologies\mono\mono\metadata\object.c:5774] mono_runtime_try_invoke_array 
0x00007FFDF6891A01 (mono-2.0-bdwgc) [C:\build\output\Unity-Technologies\mono\mono\metadata\icall.c:4038] ves_icall_InternalInvoke 
0x00007FFDF68B7CB1 (mono-2.0-bdwgc) [C:\build\output\Unity-Technologies\mono\mono\metadata\icall-def.h:692] ves_icall_InternalInvoke_raw 
0x0000022F41E2CD90 (Mono JIT Code) (wrapper managed-to-native) System.Reflection.RuntimeMethodInfo:InternalInvoke (System.Reflection.RuntimeMethodInfo,object,object[],System.Exception&)
0x0000022F41E2BBBB (Mono JIT Code) System.Reflection.RuntimeMethodInfo:Invoke (object,System.Reflection.BindingFlags,System.Reflection.Binder,object[],System.Globalization.CultureInfo)
0x0000022F4492DAAE (Mono JIT Code) System.Reflection.MethodBase:Invoke (object,object[])
0x0000022F4CDDBF03 (Mono JIT Code) UnityEditor.EditorAssemblies:ProcessInitializeOnLoadMethodAttributes ()
0x0000022F44B80085 (Mono JIT Code) (wrapper runtime-invoke) object:runtime_invoke_void (object,intptr,intptr,intptr)
0x00007FFDF6A16C2E (mono-2.0-bdwgc) [C:\build\output\Unity-Technologies\mono\mono\mini\mini-runtime.c:3445] mono_jit_runtime_invoke 
0x00007FFDF69585E4 (mono-2.0-bdwgc) [C:\build\output\Unity-Technologies\mono\mono\metadata\object.c:3068] do_runtime_invoke 
0x00007FFDF69586D0 (mono-2.0-bdwgc) [C:\build\output\Unity-Technologies\mono\mono\metadata\object.c:3115] mono_runtime_invoke 
  ERROR: SymGetSymFromAddr64, GetLastError: 'Attempt to access invalid address.' (Address: 00007FFD6CF1CD74)
0x00007FFD6CF1CD74 (Unity) (function-name not available)
  ERROR: SymGetSymFromAddr64, GetLastError: 'Attempt to access invalid address.' (Address: 00007FFD6CEF4C93)
0x00007FFD6CEF4C93 (Unity) (function-name not available)
  ERROR: SymGetSymFromAddr64, GetLastError: 'Attempt to access invalid address.' (Address: 00007FFD6CEF0395)
0x00007FFD6CEF0395 (Unity) (function-name not available)
  ERROR: SymGetSymFromAddr64, GetLastError: 'Attempt to access invalid address.' (Address: 00007FFD6D06361B)
0x00007FFD6D06361B (Unity) (function-name not available)
  ERROR: SymGetSymFromAddr64, GetLastError: 'Attempt to access invalid address.' (Address: 00007FFD6CEEBADA)
0x00007FFD6CEEBADA (Unity) (function-name not available)
  ERROR: SymGetSymFromAddr64, GetLastError: 'Attempt to access invalid address.' (Address: 00007FFD6CEE337B)
0x00007FFD6CEE337B (Unity) (function-name not available)
0x00007FFD6E3ECAF5 (Unity) UnityMain
0x00007FFD6E43C13F (Unity) UnityMain
0x00007FFD6E4159E6 (Unity) UnityMain
0x00007FFD6E4F857F (Unity) UnityMain
0x00007FFD6E4E5C81 (Unity) UnityMain
0x00007FFD6E4E6F8E (Unity) UnityMain
0x00007FFD6E4F6BBC (Unity) UnityMain
0x00007FFD6E4403D8 (Unity) UnityMain
0x00007FFD6E44049B (Unity) UnityMain
  ERROR: SymGetSymFromAddr64, GetLastError: 'Attempt to access invalid address.' (Address: 00007FFD6DC6AC4B)
0x00007FFD6DC6AC4B (Unity) (function-name not available)
0x00007FFD6E251F03 (Unity) UnityMain
0x00007FF729542F2A (Unity) __scrt_common_main_seh
0x00007FFE7C77E8D7 (KERNEL32) BaseThreadInitThunk
0x00007FFE7D01C34C (ntdll) RtlUserThreadStart

========== END OF STACKTRACE ===========

A crash has been intercepted by the crash handler. For call stack and other details, see the latest crash report generated in:
 * C:/Users/tyron/AppData/Local/Temp/Unity/Editor/Crashes
